Compiling the C compiler identification source file "CMakeCCompilerId.c" failed.
Compiler: /Users/xingfeng.yang/gcc-arm-none-eabi-9-2020-q2-update/bin/arm-none-eabi-gcc 
Build flags: 
Id flags:  

The output was:
1
/Users/xingfeng.yang/gcc-arm-none-eabi-9-2020-q2-update/bin/../lib/gcc/arm-none-eabi/9.3.1/../../../../arm-none-eabi/bin/ld: /Users/xingfeng.yang/gcc-arm-none-eabi-9-2020-q2-update/bin/../lib/gcc/arm-none-eabi/9.3.1/../../../../arm-none-eabi/lib/libc.a(lib_a-exit.o): in function `exit':
exit.c:(.text.exit+0x2c): undefined reference to `_exit'
collect2: error: ld returned 1 exit status


Detecting C compiler ABI info failed to compile with the following output:
Change Dir: /Users/xingfeng.yang/project/SynestiaOS/Build/CMakeFiles/CMakeTmp

Run Build Command(s):/usr/local/bin/gmake cmTC_391c9/fast && /usr/local/bin/gmake  -f CMakeFiles/cmTC_391c9.dir/build.make CMakeFiles/cmTC_391c9.dir/build
gmake[1]: Entering directory '/Users/xingfeng.yang/project/SynestiaOS/Build/CMakeFiles/CMakeTmp'
Building C object CMakeFiles/cmTC_391c9.dir/CMakeCCompilerABI.c.o
/Users/xingfeng.yang/gcc-arm-none-eabi-9-2020-q2-update/bin/arm-none-eabi-gcc   -isysroot /Applications/Xcode.app/Contents/Developer/Platforms/MacOSX.platform/Developer/SDKs/MacOSX10.15.sdk   -v -Wl,-v -o CMakeFiles/cmTC_391c9.dir/CMakeCCompilerABI.c.o   -c /usr/local/Cellar/cmake/3.17.1/share/cmake/Modules/CMakeCCompilerABI.c
Using built-in specs.
COLLECT_GCC=/Users/xingfeng.yang/gcc-arm-none-eabi-9-2020-q2-update/bin/arm-none-eabi-gcc
Target: arm-none-eabi
Configured with: /tmp/jenkins-GCC-9-pipeline-200_20200521_1590053285/src/gcc/configure --target=arm-none-eabi --prefix=/tmp/jenkins-GCC-9-pipeline-200_20200521_1590053285/install-native --libexecdir=/tmp/jenkins-GCC-9-pipeline-200_20200521_1590053285/install-native/lib --infodir=/tmp/jenkins-GCC-9-pipeline-200_20200521_1590053285/install-native/share/doc/gcc-arm-none-eabi/info --mandir=/tmp/jenkins-GCC-9-pipeline-200_20200521_1590053285/install-native/share/doc/gcc-arm-none-eabi/man --htmldir=/tmp/jenkins-GCC-9-pipeline-200_20200521_1590053285/install-native/share/doc/gcc-arm-none-eabi/html --pdfdir=/tmp/jenkins-GCC-9-pipeline-200_20200521_1590053285/install-native/share/doc/gcc-arm-none-eabi/pdf --enable-languages=c,c++ --enable-plugins --disable-decimal-float --disable-libffi --disable-libgomp --disable-libmudflap --disable-libquadmath --disable-libssp --disable-libstdcxx-pch --disable-nls --disable-shared --disable-threads --disable-tls --with-gnu-as --with-gnu-ld --with-newlib --with-headers=yes --with-python-dir=share/gcc-arm-none-eabi --with-sysroot=/tmp/jenkins-GCC-9-pipeline-200_20200521_1590053285/install-native/arm-none-eabi --build=x86_64-apple-darwin10 --host=x86_64-apple-darwin10 --with-gmp=/tmp/jenkins-GCC-9-pipeline-200_20200521_1590053285/build-native/host-libs/usr --with-mpfr=/tmp/jenkins-GCC-9-pipeline-200_20200521_1590053285/build-native/host-libs/usr --with-mpc=/tmp/jenkins-GCC-9-pipeline-200_20200521_1590053285/build-native/host-libs/usr --with-isl=/tmp/jenkins-GCC-9-pipeline-200_20200521_1590053285/build-native/host-libs/usr --with-libelf=/tmp/jenkins-GCC-9-pipeline-200_20200521_1590053285/build-native/host-libs/usr --with-host-libstdcxx='-static-libgcc -Wl,-lstdc++ -lm' --with-pkgversion='GNU Arm Embedded Toolchain 9-2020-q2-update' --with-multilib-list=rmprofile,aprofile
Thread model: single
gcc version 9.3.1 20200408 (release) (GNU Arm Embedded Toolchain 9-2020-q2-update) 
COLLECT_GCC_OPTIONS='-isysroot' '/Applications/Xcode.app/Contents/Developer/Platforms/MacOSX.platform/Developer/SDKs/MacOSX10.15.sdk' '-v' '-o' 'CMakeFiles/cmTC_391c9.dir/CMakeCCompilerABI.c.o' '-c' '-mcpu=arm7tdmi' '-mfloat-abi=soft' '-marm' '-march=armv4t'
 /Users/xingfeng.yang/gcc-arm-none-eabi-9-2020-q2-update/bin/../lib/gcc/arm-none-eabi/9.3.1/cc1 -quiet -v -iprefix /Users/xingfeng.yang/gcc-arm-none-eabi-9-2020-q2-update/bin/../lib/gcc/arm-none-eabi/9.3.1/ -isysroot /Users/xingfeng.yang/gcc-arm-none-eabi-9-2020-q2-update/bin/../arm-none-eabi -D__USES_INITFINI__ -isysroot /Applications/Xcode.app/Contents/Developer/Platforms/MacOSX.platform/Developer/SDKs/MacOSX10.15.sdk /usr/local/Cellar/cmake/3.17.1/share/cmake/Modules/CMakeCCompilerABI.c -quiet -dumpbase CMakeCCompilerABI.c -mcpu=arm7tdmi -mfloat-abi=soft -marm -march=armv4t -auxbase-strip CMakeFiles/cmTC_391c9.dir/CMakeCCompilerABI.c.o -version -o /var/folders/gp/k5zd_vw163176qwp38kdhk440000gn/T//ccQ0bpIG.s
GNU C17 (GNU Arm Embedded Toolchain 9-2020-q2-update) version 9.3.1 20200408 (release) (arm-none-eabi)
	compiled by GNU C version 4.2.1 Compatible Apple LLVM 11.0.0 (clang-1100.0.33.17), GMP version 6.1.0, MPFR version 3.1.4, MPC version 1.0.3, isl version isl-0.18-GMP

GGC heuristics: --param ggc-min-expand=100 --param ggc-min-heapsize=131072
ignoring duplicate directory "/Users/xingfeng.yang/gcc-arm-none-eabi-9-2020-q2-update/bin/../lib/gcc/../../lib/gcc/arm-none-eabi/9.3.1/include"
ignoring nonexistent directory "/Applications/Xcode.app/Contents/Developer/Platforms/MacOSX.platform/Developer/SDKs/MacOSX10.15.sdk/usr/local/include"
ignoring duplicate directory "/Users/xingfeng.yang/gcc-arm-none-eabi-9-2020-q2-update/bin/../lib/gcc/../../lib/gcc/arm-none-eabi/9.3.1/include-fixed"
ignoring duplicate directory "/Users/xingfeng.yang/gcc-arm-none-eabi-9-2020-q2-update/bin/../lib/gcc/../../lib/gcc/arm-none-eabi/9.3.1/../../../../arm-none-eabi/include"
#include "..." search starts here:
#include <...> search starts here:
 /Users/xingfeng.yang/gcc-arm-none-eabi-9-2020-q2-update/bin/../lib/gcc/arm-none-eabi/9.3.1/include
 /Users/xingfeng.yang/gcc-arm-none-eabi-9-2020-q2-update/bin/../lib/gcc/arm-none-eabi/9.3.1/include-fixed
 /Users/xingfeng.yang/gcc-arm-none-eabi-9-2020-q2-update/bin/../lib/gcc/arm-none-eabi/9.3.1/../../../../arm-none-eabi/include
 /Applications/Xcode.app/Contents/Developer/Platforms/MacOSX.platform/Developer/SDKs/MacOSX10.15.sdk/usr/include
End of search list.
GNU C17 (GNU Arm Embedded Toolchain 9-2020-q2-update) version 9.3.1 20200408 (release) (arm-none-eabi)
	compiled by GNU C version 4.2.1 Compatible Apple LLVM 11.0.0 (clang-1100.0.33.17), GMP version 6.1.0, MPFR version 3.1.4, MPC version 1.0.3, isl version isl-0.18-GMP

GGC heuristics: --param ggc-min-expand=100 --param ggc-min-heapsize=131072
Compiler executable checksum: c98fc9d12ad05b5a76e372c8d9e5deb7
COLLECT_GCC_OPTIONS='-isysroot' '/Applications/Xcode.app/Contents/Developer/Platforms/MacOSX.platform/Developer/SDKs/MacOSX10.15.sdk' '-v' '-o' 'CMakeFiles/cmTC_391c9.dir/CMakeCCompilerABI.c.o' '-c' '-mcpu=arm7tdmi' '-mfloat-abi=soft' '-marm' '-march=armv4t'
 /Users/xingfeng.yang/gcc-arm-none-eabi-9-2020-q2-update/bin/../lib/gcc/arm-none-eabi/9.3.1/../../../../arm-none-eabi/bin/as -v -march=armv4t -mfloat-abi=soft -meabi=5 -o CMakeFiles/cmTC_391c9.dir/CMakeCCompilerABI.c.o /var/folders/gp/k5zd_vw163176qwp38kdhk440000gn/T//ccQ0bpIG.s
GNU assembler version 2.34.0 (arm-none-eabi) using BFD version (GNU Arm Embedded Toolchain 9-2020-q2-update) 2.34.0.20200428
COMPILER_PATH=/Users/xingfeng.yang/gcc-arm-none-eabi-9-2020-q2-update/bin/../lib/gcc/arm-none-eabi/9.3.1/:/Users/xingfeng.yang/gcc-arm-none-eabi-9-2020-q2-update/bin/../lib/gcc/:/Users/xingfeng.yang/gcc-arm-none-eabi-9-2020-q2-update/bin/../lib/gcc/arm-none-eabi/9.3.1/../../../../arm-none-eabi/bin/
LIBRARY_PATH=/Users/xingfeng.yang/gcc-arm-none-eabi-9-2020-q2-update/bin/../lib/gcc/arm-none-eabi/9.3.1/:/Users/xingfeng.yang/gcc-arm-none-eabi-9-2020-q2-update/bin/../lib/gcc/:/Users/xingfeng.yang/gcc-arm-none-eabi-9-2020-q2-update/bin/../lib/gcc/arm-none-eabi/9.3.1/../../../../arm-none-eabi/lib/:/Users/xingfeng.yang/gcc-arm-none-eabi-9-2020-q2-update/bin/../arm-none-eabi/lib/
COLLECT_GCC_OPTIONS='-isysroot' '/Applications/Xcode.app/Contents/Developer/Platforms/MacOSX.platform/Developer/SDKs/MacOSX10.15.sdk' '-v' '-o' 'CMakeFiles/cmTC_391c9.dir/CMakeCCompilerABI.c.o' '-c' '-mcpu=arm7tdmi' '-mfloat-abi=soft' '-marm' '-march=armv4t'
Linking C executable cmTC_391c9
/usr/local/Cellar/cmake/3.17.1/bin/cmake -E cmake_link_script CMakeFiles/cmTC_391c9.dir/link.txt --verbose=1
/Users/xingfeng.yang/gcc-arm-none-eabi-9-2020-q2-update/bin/arm-none-eabi-gcc   -isysroot /Applications/Xcode.app/Contents/Developer/Platforms/MacOSX.platform/Developer/SDKs/MacOSX10.15.sdk -Wl,-headerpad_max_install_names  -v -Wl,-v CMakeFiles/cmTC_391c9.dir/CMakeCCompilerABI.c.o  -o cmTC_391c9 
Using built-in specs.
COLLECT_GCC=/Users/xingfeng.yang/gcc-arm-none-eabi-9-2020-q2-update/bin/arm-none-eabi-gcc
COLLECT_LTO_WRAPPER=/Users/xingfeng.yang/gcc-arm-none-eabi-9-2020-q2-update/bin/../lib/gcc/arm-none-eabi/9.3.1/lto-wrapper
Target: arm-none-eabi
Configured with: /tmp/jenkins-GCC-9-pipeline-200_20200521_1590053285/src/gcc/configure --target=arm-none-eabi --prefix=/tmp/jenkins-GCC-9-pipeline-200_20200521_1590053285/install-native --libexecdir=/tmp/jenkins-GCC-9-pipeline-200_20200521_1590053285/install-native/lib --infodir=/tmp/jenkins-GCC-9-pipeline-200_20200521_1590053285/install-native/share/doc/gcc-arm-none-eabi/info --mandir=/tmp/jenkins-GCC-9-pipeline-200_20200521_1590053285/install-native/share/doc/gcc-arm-none-eabi/man --htmldir=/tmp/jenkins-GCC-9-pipeline-200_20200521_1590053285/install-native/share/doc/gcc-arm-none-eabi/html --pdfdir=/tmp/jenkins-GCC-9-pipeline-200_20200521_1590053285/install-native/share/doc/gcc-arm-none-eabi/pdf --enable-languages=c,c++ --enable-plugins --disable-decimal-float --disable-libffi --disable-libgomp --disable-libmudflap --disable-libquadmath --disable-libssp --disable-libstdcxx-pch --disable-nls --disable-shared --disable-threads --disable-tls --with-gnu-as --with-gnu-ld --with-newlib --with-headers=yes --with-python-dir=share/gcc-arm-none-eabi --with-sysroot=/tmp/jenkins-GCC-9-pipeline-200_20200521_1590053285/install-native/arm-none-eabi --build=x86_64-apple-darwin10 --host=x86_64-apple-darwin10 --with-gmp=/tmp/jenkins-GCC-9-pipeline-200_20200521_1590053285/build-native/host-libs/usr --with-mpfr=/tmp/jenkins-GCC-9-pipeline-200_20200521_1590053285/build-native/host-libs/usr --with-mpc=/tmp/jenkins-GCC-9-pipeline-200_20200521_1590053285/build-native/host-libs/usr --with-isl=/tmp/jenkins-GCC-9-pipeline-200_20200521_1590053285/build-native/host-libs/usr --with-libelf=/tmp/jenkins-GCC-9-pipeline-200_20200521_1590053285/build-native/host-libs/usr --with-host-libstdcxx='-static-libgcc -Wl,-lstdc++ -lm' --with-pkgversion='GNU Arm Embedded Toolchain 9-2020-q2-update' --with-multilib-list=rmprofile,aprofile
Thread model: single
gcc version 9.3.1 20200408 (release) (GNU Arm Embedded Toolchain 9-2020-q2-update) 
COMPILER_PATH=/Users/xingfeng.yang/gcc-arm-none-eabi-9-2020-q2-update/bin/../lib/gcc/arm-none-eabi/9.3.1/:/Users/xingfeng.yang/gcc-arm-none-eabi-9-2020-q2-update/bin/../lib/gcc/:/Users/xingfeng.yang/gcc-arm-none-eabi-9-2020-q2-update/bin/../lib/gcc/arm-none-eabi/9.3.1/../../../../arm-none-eabi/bin/
LIBRARY_PATH=/Users/xingfeng.yang/gcc-arm-none-eabi-9-2020-q2-update/bin/../lib/gcc/arm-none-eabi/9.3.1/:/Users/xingfeng.yang/gcc-arm-none-eabi-9-2020-q2-update/bin/../lib/gcc/:/Users/xingfeng.yang/gcc-arm-none-eabi-9-2020-q2-update/bin/../lib/gcc/arm-none-eabi/9.3.1/../../../../arm-none-eabi/lib/:/Users/xingfeng.yang/gcc-arm-none-eabi-9-2020-q2-update/bin/../arm-none-eabi/lib/
COLLECT_GCC_OPTIONS='-isysroot' '/Applications/Xcode.app/Contents/Developer/Platforms/MacOSX.platform/Developer/SDKs/MacOSX10.15.sdk' '-v' '-o' 'cmTC_391c9' '-mcpu=arm7tdmi' '-mfloat-abi=soft' '-marm' '-march=armv4t'
 /Users/xingfeng.yang/gcc-arm-none-eabi-9-2020-q2-update/bin/../lib/gcc/arm-none-eabi/9.3.1/collect2 -plugin /Users/xingfeng.yang/gcc-arm-none-eabi-9-2020-q2-update/bin/../lib/gcc/arm-none-eabi/9.3.1/liblto_plugin.so -plugin-opt=/Users/xingfeng.yang/gcc-arm-none-eabi-9-2020-q2-update/bin/../lib/gcc/arm-none-eabi/9.3.1/lto-wrapper -plugin-opt=-fresolution=/var/folders/gp/k5zd_vw163176qwp38kdhk440000gn/T//ccuXbXpA.res -plugin-opt=-pass-through=-lgcc -plugin-opt=-pass-through=-lc --sysroot=/Users/xingfeng.yang/gcc-arm-none-eabi-9-2020-q2-update/bin/../arm-none-eabi -X -o cmTC_391c9 /Users/xingfeng.yang/gcc-arm-none-eabi-9-2020-q2-update/bin/../lib/gcc/arm-none-eabi/9.3.1/crti.o /Users/xingfeng.yang/gcc-arm-none-eabi-9-2020-q2-update/bin/../lib/gcc/arm-none-eabi/9.3.1/crtbegin.o /Users/xingfeng.yang/gcc-arm-none-eabi-9-2020-q2-update/bin/../lib/gcc/arm-none-eabi/9.3.1/../../../../arm-none-eabi/lib/crt0.o -L/Users/xingfeng.yang/gcc-arm-none-eabi-9-2020-q2-update/bin/../lib/gcc/arm-none-eabi/9.3.1 -L/Users/xingfeng.yang/gcc-arm-none-eabi-9-2020-q2-update/bin/../lib/gcc -L/Users/xingfeng.yang/gcc-arm-none-eabi-9-2020-q2-update/bin/../lib/gcc/arm-none-eabi/9.3.1/../../../../arm-none-eabi/lib -L/Users/xingfeng.yang/gcc-arm-none-eabi-9-2020-q2-update/bin/../arm-none-eabi/lib -headerpad_max_install_names -v CMakeFiles/cmTC_391c9.dir/CMakeCCompilerABI.c.o --start-group -lgcc -lc --end-group /Users/xingfeng.yang/gcc-arm-none-eabi-9-2020-q2-update/bin/../lib/gcc/arm-none-eabi/9.3.1/crtend.o /Users/xingfeng.yang/gcc-arm-none-eabi-9-2020-q2-update/bin/../lib/gcc/arm-none-eabi/9.3.1/crtn.o
collect2 version 9.3.1 20200408 (release)
/Users/xingfeng.yang/gcc-arm-none-eabi-9-2020-q2-update/bin/../lib/gcc/arm-none-eabi/9.3.1/../../../../arm-none-eabi/bin/ld -plugin /Users/xingfeng.yang/gcc-arm-none-eabi-9-2020-q2-update/bin/../lib/gcc/arm-none-eabi/9.3.1/liblto_plugin.so -plugin-opt=/Users/xingfeng.yang/gcc-arm-none-eabi-9-2020-q2-update/bin/../lib/gcc/arm-none-eabi/9.3.1/lto-wrapper -plugin-opt=-fresolution=/var/folders/gp/k5zd_vw163176qwp38kdhk440000gn/T//ccuXbXpA.res -plugin-opt=-pass-through=-lgcc -plugin-opt=-pass-through=-lc --sysroot=/Users/xingfeng.yang/gcc-arm-none-eabi-9-2020-q2-update/bin/../arm-none-eabi -X -o cmTC_391c9 /Users/xingfeng.yang/gcc-arm-none-eabi-9-2020-q2-update/bin/../lib/gcc/arm-none-eabi/9.3.1/crti.o /Users/xingfeng.yang/gcc-arm-none-eabi-9-2020-q2-update/bin/../lib/gcc/arm-none-eabi/9.3.1/crtbegin.o /Users/xingfeng.yang/gcc-arm-none-eabi-9-2020-q2-update/bin/../lib/gcc/arm-none-eabi/9.3.1/../../../../arm-none-eabi/lib/crt0.o -L/Users/xingfeng.yang/gcc-arm-none-eabi-9-2020-q2-update/bin/../lib/gcc/arm-none-eabi/9.3.1 -L/Users/xingfeng.yang/gcc-arm-none-eabi-9-2020-q2-update/bin/../lib/gcc -L/Users/xingfeng.yang/gcc-arm-none-eabi-9-2020-q2-update/bin/../lib/gcc/arm-none-eabi/9.3.1/../../../../arm-none-eabi/lib -L/Users/xingfeng.yang/gcc-arm-none-eabi-9-2020-q2-update/bin/../arm-none-eabi/lib -headerpad_max_install_names -v CMakeFiles/cmTC_391c9.dir/CMakeCCompilerABI.c.o --start-group -lgcc -lc --end-group /Users/xingfeng.yang/gcc-arm-none-eabi-9-2020-q2-update/bin/../lib/gcc/arm-none-eabi/9.3.1/crtend.o /Users/xingfeng.yang/gcc-arm-none-eabi-9-2020-q2-update/bin/../lib/gcc/arm-none-eabi/9.3.1/crtn.o
GNU ld (GNU Arm Embedded Toolchain 9-2020-q2-update) 2.34.0.20200428/Users/xingfeng.yang/gcc-arm-none-eabi-9-2020-q2-update/bin/../lib/gcc/arm-none-eabi/9.3.1/../../../../arm-none-eabi/bin/ld: /Users/xingfeng.yang/gcc-arm-none-eabi-9-2020-q2-update/bin/../lib/gcc/arm-none-eabi/9.3.1/../../../../arm-none-eabi/lib/libc.a(lib_a-exit.o): in function `exit':
exit.c:(.text.exit+0x2c): undefined reference to `_exit'
collect2: error: ld returned 1 exit status

gmake[1]: *** [CMakeFiles/cmTC_391c9.dir/build.make:107: cmTC_391c9] Error 1
gmake[1]: Leaving directory '/Users/xingfeng.yang/project/SynestiaOS/Build/CMakeFiles/CMakeTmp'
gmake: *** [Makefile:141: cmTC_391c9/fast] Error 2




